-- The C compiler identification is GNU 11.4.0
-- The CXX compiler identification is GNU 11.4.0
-- Detecting C compiler ABI info
-- Detecting C compiler ABI info - done
-- Check for working C compiler: /usr/bin/cc - skipped
-- Detecting C compile features
-- Detecting C compile features - done
-- Detecting CXX compiler ABI info
-- Detecting CXX compiler ABI info - done
-- Check for working CXX compiler: /usr/bin/c++ - skipped
-- Detecting CXX compile features
-- Detecting CXX compile features - done
-- Found ament_cmake: 1.3.11 (/opt/ros/humble/share/ament_cmake/cmake)
-- Found Python3: /usr/bin/python3 (found version "3.10.12") found components: Interpreter 
-- Found rclcpp: 16.0.11 (/opt/ros/humble/share/rclcpp/cmake)
-- Found rosidl_generator_c: 3.1.6 (/opt/ros/humble/share/rosidl_generator_c/cmake)
-- Found rosidl_adapter: 3.1.6 (/opt/ros/humble/share/rosidl_adapter/cmake)
-- Found rosidl_generator_cpp: 3.1.6 (/opt/ros/humble/share/rosidl_generator_cpp/cmake)
-- Using all available rosidl_typesupport_c: rosidl_typesupport_fastrtps_c;rosidl_typesupport_introspection_c
-- Using all available rosidl_typesupport_cpp: rosidl_typesupport_fastrtps_cpp;rosidl_typesupport_introspection_cpp
-- Found rmw_implementation_cmake: 6.1.2 (/opt/ros/humble/share/rmw_implementation_cmake/cmake)
-- Found rmw_fastrtps_cpp: 6.2.7 (/opt/ros/humble/share/rmw_fastrtps_cpp/cmake)
-- Found OpenSSL: /usr/lib/x86_64-linux-gnu/libcrypto.so (found version "3.0.2")  
-- Found FastRTPS: /opt/ros/humble/include  
-- Using RMW implementation 'rmw_fastrtps_cpp' as default
-- Looking for pthread.h
-- Looking for pthread.h - found
-- Performing Test CMAKE_HAVE_LIBC_PTHREAD
-- Performing Test CMAKE_HAVE_LIBC_PTHREAD - Success
-- Found Threads: TRUE  
-- Found trajectory_msgs: 4.2.4 (/opt/ros/humble/share/trajectory_msgs/cmake)
-- Found sensor_msgs: 4.2.4 (/opt/ros/humble/share/sensor_msgs/cmake)
-- Found std_srvs: 4.2.4 (/opt/ros/humble/share/std_srvs/cmake)
-- Found kdl_parser: 2.6.4 (/opt/ros/humble/share/kdl_parser/cmake)
-- Found eigen3_cmake_module: 0.1.1 (/opt/ros/humble/share/eigen3_cmake_module/cmake)
-- Found Eigen3: TRUE (found version "3.4.0") 
-- Ensuring Eigen3 include directory is part of orocos-kdl CMake target
-- Found ament_lint_auto: 0.12.11 (/opt/ros/humble/share/ament_lint_auto/cmake)
-- Added test 'cppcheck' to perform static code analysis on C / C++ code
-- Configured cppcheck include dirs: $<BUILD_INTERFACE:/home/aditya/omx_pick_and_pace_ws/src/omx_pick_place/include>
-- Configured cppcheck exclude dirs and/or files: 
-- Added test 'lint_cmake' to check CMake code style
-- Added test 'uncrustify' to check C / C++ code style
-- Configured uncrustify additional arguments: 
-- Added test 'xmllint' to check XML markup files
-- Configuring done
-- Generating done
-- Build files have been written to: /home/aditya/omx_pick_and_pace_ws/build/omx_pick_place
[ 50%] [32mBuilding CXX object CMakeFiles/omx_pick_place.dir/src/omx_pick_place.cpp.o[0m
[100%] [32m[1mLinking CXX executable omx_pick_place[0m
[100%] Built target omx_pick_place
-- Install configuration: ""
-- Installing: /home/aditya/omx_pick_and_pace_ws/install/omx_pick_place/lib/omx_pick_place/omx_pick_place
-- Set runtime path of "/home/aditya/omx_pick_and_pace_ws/install/omx_pick_place/lib/omx_pick_place/omx_pick_place" to ""
-- Installing: /home/aditya/omx_pick_and_pace_ws/install/omx_pick_place/share/ament_index/resource_index/package_run_dependencies/omx_pick_place
-- Installing: /home/aditya/omx_pick_and_pace_ws/install/omx_pick_place/share/ament_index/resource_index/parent_prefix_path/omx_pick_place
-- Installing: /home/aditya/omx_pick_and_pace_ws/install/omx_pick_place/share/omx_pick_place/environment/ament_prefix_path.sh
-- Installing: /home/aditya/omx_pick_and_pace_ws/install/omx_pick_place/share/omx_pick_place/environment/ament_prefix_path.dsv
-- Installing: /home/aditya/omx_pick_and_pace_ws/install/omx_pick_place/share/omx_pick_place/environment/path.sh
-- Installing: /home/aditya/omx_pick_and_pace_ws/install/omx_pick_place/share/omx_pick_place/environment/path.dsv
-- Installing: /home/aditya/omx_pick_and_pace_ws/install/omx_pick_place/share/omx_pick_place/local_setup.bash
-- Installing: /home/aditya/omx_pick_and_pace_ws/install/omx_pick_place/share/omx_pick_place/local_setup.sh
-- Installing: /home/aditya/omx_pick_and_pace_ws/install/omx_pick_place/share/omx_pick_place/local_setup.zsh
-- Installing: /home/aditya/omx_pick_and_pace_ws/install/omx_pick_place/share/omx_pick_place/local_setup.dsv
-- Installing: /home/aditya/omx_pick_and_pace_ws/install/omx_pick_place/share/omx_pick_place/package.dsv
-- Installing: /home/aditya/omx_pick_and_pace_ws/install/omx_pick_place/share/ament_index/resource_index/packages/omx_pick_place
-- Installing: /home/aditya/omx_pick_and_pace_ws/install/omx_pick_place/share/omx_pick_place/cmake/omx_pick_placeConfig.cmake
-- Installing: /home/aditya/omx_pick_and_pace_ws/install/omx_pick_place/share/omx_pick_place/cmake/omx_pick_placeConfig-version.cmake
-- Installing: /home/aditya/omx_pick_and_pace_ws/install/omx_pick_place/share/omx_pick_place/package.xml
