[0.017s] Invoking command in '/home/aditya/omx_pick_and_pace_ws/build/omx_pick_place': CMAKE_PREFIX_PATH=${CMAKE_PREFIX_PATH}:/home/aditya/ExperimentalRobotics_ws/install/task_one:/home/aditya/ExperimentalRobotics_ws/install/task_2:/home/aditya/ExperimentalRobotics_ws/install/task_1:/home/aditya/ExperimentalRobotics_ws/install/practical9:/home/aditya/ExperimentalRobotics_ws/install/practical8:/home/aditya/ExperimentalRobotics_ws/install/practical7:/home/aditya/ExperimentalRobotics_ws/install/practical6:/home/aditya/ExperimentalRobotics_ws/install/practical5:/home/aditya/ExperimentalRobotics_ws/install/practical3:/home/aditya/ExperimentalRobotics_ws/install/practical2:/home/aditya/ExperimentalRobotics_ws/install/practical1:/home/aditya/ExperimentalRobotics_ws/install/major1:/home/aditya/ExperimentalRobotics_ws/install/aditya_pkg:/home/aditya/xarm6_ws/install/my_solution:/home/aditya/xarm6_ws/install/trial:/home/aditya/xarm6_ws/install/uf_ros_lib:/opt/ros/humble /usr/bin/cmake /home/aditya/omx_pick_and_pace_ws/src/omx_pick_place -DCMAKE_INSTALL_PREFIX=/home/aditya/omx_pick_and_pace_ws/install/omx_pick_place
[0.076s] -- The C compiler identification is GNU 11.4.0
[0.129s] -- The CXX compiler identification is GNU 11.4.0
[0.136s] -- Detecting C compiler ABI info
[0.204s] -- Detecting C compiler ABI info - done
[0.212s] -- Check for working C compiler: /usr/bin/cc - skipped
[0.212s] -- Detecting C compile features
[0.212s] -- Detecting C compile features - done
[0.215s] -- Detecting CXX compiler ABI info
[0.291s] -- Detecting CXX compiler ABI info - done
[0.300s] -- Check for working CXX compiler: /usr/bin/c++ - skipped
[0.301s] -- Detecting CXX compile features
[0.301s] -- Detecting CXX compile features - done
[0.306s] -- Found ament_cmake: 1.3.11 (/opt/ros/humble/share/ament_cmake/cmake)
[0.497s] -- Found Python3: /usr/bin/python3 (found version "3.10.12") found components: Interpreter 
[0.665s] -- Found rclcpp: 16.0.11 (/opt/ros/humble/share/rclcpp/cmake)
[0.755s] -- Found rosidl_generator_c: 3.1.6 (/opt/ros/humble/share/rosidl_generator_c/cmake)
[0.766s] -- Found rosidl_adapter: 3.1.6 (/opt/ros/humble/share/rosidl_adapter/cmake)
[0.780s] -- Found rosidl_generator_cpp: 3.1.6 (/opt/ros/humble/share/rosidl_generator_cpp/cmake)
[0.797s] -- Using all available rosidl_typesupport_c: rosidl_typesupport_fastrtps_c;rosidl_typesupport_introspection_c
[0.820s] -- Using all available rosidl_typesupport_cpp: rosidl_typesupport_fastrtps_cpp;rosidl_typesupport_introspection_cpp
[0.888s] -- Found rmw_implementation_cmake: 6.1.2 (/opt/ros/humble/share/rmw_implementation_cmake/cmake)
[0.893s] -- Found rmw_fastrtps_cpp: 6.2.7 (/opt/ros/humble/share/rmw_fastrtps_cpp/cmake)
[1.005s] -- Found OpenSSL: /usr/lib/x86_64-linux-gnu/libcrypto.so (found version "3.0.2")  
[1.037s] -- Found FastRTPS: /opt/ros/humble/include  
[1.083s] -- Using RMW implementation 'rmw_fastrtps_cpp' as default
[1.099s] -- Looking for pthread.h
[1.165s] -- Looking for pthread.h - found
[1.165s] -- Performing Test CMAKE_HAVE_LIBC_PTHREAD
[1.229s] -- Performing Test CMAKE_HAVE_LIBC_PTHREAD - Success
[1.230s] -- Found Threads: TRUE  
[1.285s] -- Found trajectory_msgs: 4.2.4 (/opt/ros/humble/share/trajectory_msgs/cmake)
[1.316s] -- Found sensor_msgs: 4.2.4 (/opt/ros/humble/share/sensor_msgs/cmake)
[1.335s] -- Found std_srvs: 4.2.4 (/opt/ros/humble/share/std_srvs/cmake)
[1.346s] -- Found kdl_parser: 2.6.4 (/opt/ros/humble/share/kdl_parser/cmake)
[1.363s] -- Found eigen3_cmake_module: 0.1.1 (/opt/ros/humble/share/eigen3_cmake_module/cmake)
[1.364s] -- Found Eigen3: TRUE (found version "3.4.0") 
[1.365s] -- Ensuring Eigen3 include directory is part of orocos-kdl CMake target
[1.377s] -- Found ament_lint_auto: 0.12.11 (/opt/ros/humble/share/ament_lint_auto/cmake)
[1.465s] -- Added test 'cppcheck' to perform static code analysis on C / C++ code
[1.465s] -- Configured cppcheck include dirs: $<BUILD_INTERFACE:/home/aditya/omx_pick_and_pace_ws/src/omx_pick_place/include>
[1.465s] -- Configured cppcheck exclude dirs and/or files: 
[1.466s] -- Added test 'lint_cmake' to check CMake code style
[1.467s] -- Added test 'uncrustify' to check C / C++ code style
[1.467s] -- Configured uncrustify additional arguments: 
[1.468s] -- Added test 'xmllint' to check XML markup files
[1.470s] -- Configuring done
[1.477s] -- Generating done
[1.481s] -- Build files have been written to: /home/aditya/omx_pick_and_pace_ws/build/omx_pick_place
[1.488s] Invoked command in '/home/aditya/omx_pick_and_pace_ws/build/omx_pick_place' returned '0': CMAKE_PREFIX_PATH=${CMAKE_PREFIX_PATH}:/home/aditya/ExperimentalRobotics_ws/install/task_one:/home/aditya/ExperimentalRobotics_ws/install/task_2:/home/aditya/ExperimentalRobotics_ws/install/task_1:/home/aditya/ExperimentalRobotics_ws/install/practical9:/home/aditya/ExperimentalRobotics_ws/install/practical8:/home/aditya/ExperimentalRobotics_ws/install/practical7:/home/aditya/ExperimentalRobotics_ws/install/practical6:/home/aditya/ExperimentalRobotics_ws/install/practical5:/home/aditya/ExperimentalRobotics_ws/install/practical3:/home/aditya/ExperimentalRobotics_ws/install/practical2:/home/aditya/ExperimentalRobotics_ws/install/practical1:/home/aditya/ExperimentalRobotics_ws/install/major1:/home/aditya/ExperimentalRobotics_ws/install/aditya_pkg:/home/aditya/xarm6_ws/install/my_solution:/home/aditya/xarm6_ws/install/trial:/home/aditya/xarm6_ws/install/uf_ros_lib:/opt/ros/humble /usr/bin/cmake /home/aditya/omx_pick_and_pace_ws/src/omx_pick_place -DCMAKE_INSTALL_PREFIX=/home/aditya/omx_pick_and_pace_ws/install/omx_pick_place
[1.490s] Invoking command in '/home/aditya/omx_pick_and_pace_ws/build/omx_pick_place': CMAKE_PREFIX_PATH=${CMAKE_PREFIX_PATH}:/home/aditya/ExperimentalRobotics_ws/install/task_one:/home/aditya/ExperimentalRobotics_ws/install/task_2:/home/aditya/ExperimentalRobotics_ws/install/task_1:/home/aditya/ExperimentalRobotics_ws/install/practical9:/home/aditya/ExperimentalRobotics_ws/install/practical8:/home/aditya/ExperimentalRobotics_ws/install/practical7:/home/aditya/ExperimentalRobotics_ws/install/practical6:/home/aditya/ExperimentalRobotics_ws/install/practical5:/home/aditya/ExperimentalRobotics_ws/install/practical3:/home/aditya/ExperimentalRobotics_ws/install/practical2:/home/aditya/ExperimentalRobotics_ws/install/practical1:/home/aditya/ExperimentalRobotics_ws/install/major1:/home/aditya/ExperimentalRobotics_ws/install/aditya_pkg:/home/aditya/xarm6_ws/install/my_solution:/home/aditya/xarm6_ws/install/trial:/home/aditya/xarm6_ws/install/uf_ros_lib:/opt/ros/humble /usr/bin/cmake --build /home/aditya/omx_pick_and_pace_ws/build/omx_pick_place -- -j8 -l8
[1.534s] [ 50%] [32mBuilding CXX object CMakeFiles/omx_pick_place.dir/src/omx_pick_place.cpp.o[0m
[9.652s] [100%] [32m[1mLinking CXX executable omx_pick_place[0m
[10.033s] [100%] Built target omx_pick_place
[10.046s] Invoked command in '/home/aditya/omx_pick_and_pace_ws/build/omx_pick_place' returned '0': CMAKE_PREFIX_PATH=${CMAKE_PREFIX_PATH}:/home/aditya/ExperimentalRobotics_ws/install/task_one:/home/aditya/ExperimentalRobotics_ws/install/task_2:/home/aditya/ExperimentalRobotics_ws/install/task_1:/home/aditya/ExperimentalRobotics_ws/install/practical9:/home/aditya/ExperimentalRobotics_ws/install/practical8:/home/aditya/ExperimentalRobotics_ws/install/practical7:/home/aditya/ExperimentalRobotics_ws/install/practical6:/home/aditya/ExperimentalRobotics_ws/install/practical5:/home/aditya/ExperimentalRobotics_ws/install/practical3:/home/aditya/ExperimentalRobotics_ws/install/practical2:/home/aditya/ExperimentalRobotics_ws/install/practical1:/home/aditya/ExperimentalRobotics_ws/install/major1:/home/aditya/ExperimentalRobotics_ws/install/aditya_pkg:/home/aditya/xarm6_ws/install/my_solution:/home/aditya/xarm6_ws/install/trial:/home/aditya/xarm6_ws/install/uf_ros_lib:/opt/ros/humble /usr/bin/cmake --build /home/aditya/omx_pick_and_pace_ws/build/omx_pick_place -- -j8 -l8
[10.047s] Invoking command in '/home/aditya/omx_pick_and_pace_ws/build/omx_pick_place': CMAKE_PREFIX_PATH=${CMAKE_PREFIX_PATH}:/home/aditya/ExperimentalRobotics_ws/install/task_one:/home/aditya/ExperimentalRobotics_ws/install/task_2:/home/aditya/ExperimentalRobotics_ws/install/task_1:/home/aditya/ExperimentalRobotics_ws/install/practical9:/home/aditya/ExperimentalRobotics_ws/install/practical8:/home/aditya/ExperimentalRobotics_ws/install/practical7:/home/aditya/ExperimentalRobotics_ws/install/practical6:/home/aditya/ExperimentalRobotics_ws/install/practical5:/home/aditya/ExperimentalRobotics_ws/install/practical3:/home/aditya/ExperimentalRobotics_ws/install/practical2:/home/aditya/ExperimentalRobotics_ws/install/practical1:/home/aditya/ExperimentalRobotics_ws/install/major1:/home/aditya/ExperimentalRobotics_ws/install/aditya_pkg:/home/aditya/xarm6_ws/install/my_solution:/home/aditya/xarm6_ws/install/trial:/home/aditya/xarm6_ws/install/uf_ros_lib:/opt/ros/humble /usr/bin/cmake --install /home/aditya/omx_pick_and_pace_ws/build/omx_pick_place
[10.054s] -- Install configuration: ""
[10.055s] -- Installing: /home/aditya/omx_pick_and_pace_ws/install/omx_pick_place/lib/omx_pick_place/omx_pick_place
[10.057s] -- Set runtime path of "/home/aditya/omx_pick_and_pace_ws/install/omx_pick_place/lib/omx_pick_place/omx_pick_place" to ""
[10.057s] -- Installing: /home/aditya/omx_pick_and_pace_ws/install/omx_pick_place/share/ament_index/resource_index/package_run_dependencies/omx_pick_place
[10.058s] -- Installing: /home/aditya/omx_pick_and_pace_ws/install/omx_pick_place/share/ament_index/resource_index/parent_prefix_path/omx_pick_place
[10.058s] -- Installing: /home/aditya/omx_pick_and_pace_ws/install/omx_pick_place/share/omx_pick_place/environment/ament_prefix_path.sh
[10.058s] -- Installing: /home/aditya/omx_pick_and_pace_ws/install/omx_pick_place/share/omx_pick_place/environment/ament_prefix_path.dsv
[10.058s] -- Installing: /home/aditya/omx_pick_and_pace_ws/install/omx_pick_place/share/omx_pick_place/environment/path.sh
[10.058s] -- Installing: /home/aditya/omx_pick_and_pace_ws/install/omx_pick_place/share/omx_pick_place/environment/path.dsv
[10.058s] -- Installing: /home/aditya/omx_pick_and_pace_ws/install/omx_pick_place/share/omx_pick_place/local_setup.bash
[10.058s] -- Installing: /home/aditya/omx_pick_and_pace_ws/install/omx_pick_place/share/omx_pick_place/local_setup.sh
[10.058s] -- Installing: /home/aditya/omx_pick_and_pace_ws/install/omx_pick_place/share/omx_pick_place/local_setup.zsh
[10.058s] -- Installing: /home/aditya/omx_pick_and_pace_ws/install/omx_pick_place/share/omx_pick_place/local_setup.dsv
[10.059s] -- Installing: /home/aditya/omx_pick_and_pace_ws/install/omx_pick_place/share/omx_pick_place/package.dsv
[10.059s] -- Installing: /home/aditya/omx_pick_and_pace_ws/install/omx_pick_place/share/ament_index/resource_index/packages/omx_pick_place
[10.059s] -- Installing: /home/aditya/omx_pick_and_pace_ws/install/omx_pick_place/share/omx_pick_place/cmake/omx_pick_placeConfig.cmake
[10.059s] -- Installing: /home/aditya/omx_pick_and_pace_ws/install/omx_pick_place/share/omx_pick_place/cmake/omx_pick_placeConfig-version.cmake
[10.059s] -- Installing: /home/aditya/omx_pick_and_pace_ws/install/omx_pick_place/share/omx_pick_place/package.xml
[10.061s] Invoked command in '/home/aditya/omx_pick_and_pace_ws/build/omx_pick_place' returned '0': CMAKE_PREFIX_PATH=${CMAKE_PREFIX_PATH}:/home/aditya/ExperimentalRobotics_ws/install/task_one:/home/aditya/ExperimentalRobotics_ws/install/task_2:/home/aditya/ExperimentalRobotics_ws/install/task_1:/home/aditya/ExperimentalRobotics_ws/install/practical9:/home/aditya/ExperimentalRobotics_ws/install/practical8:/home/aditya/ExperimentalRobotics_ws/install/practical7:/home/aditya/ExperimentalRobotics_ws/install/practical6:/home/aditya/ExperimentalRobotics_ws/install/practical5:/home/aditya/ExperimentalRobotics_ws/install/practical3:/home/aditya/ExperimentalRobotics_ws/install/practical2:/home/aditya/ExperimentalRobotics_ws/install/practical1:/home/aditya/ExperimentalRobotics_ws/install/major1:/home/aditya/ExperimentalRobotics_ws/install/aditya_pkg:/home/aditya/xarm6_ws/install/my_solution:/home/aditya/xarm6_ws/install/trial:/home/aditya/xarm6_ws/install/uf_ros_lib:/opt/ros/humble /usr/bin/cmake --install /home/aditya/omx_pick_and_pace_ws/build/omx_pick_place
