[0.147s] DEBUG:colcon:Command line arguments: ['/usr/bin/colcon', 'build']
[0.147s] DEBUG:colcon:Parsed command line arguments: Namespace(log_base=None, log_level=None, verb_name='build', build_base='build', install_base='install', merge_install=False, symlink_install=False, test_result_base=None, continue_on_error=False, executor='parallel', parallel_workers=8, event_handlers=None, ignore_user_meta=False, metas=['./colcon.meta'], base_paths=['.'], packages_ignore=None, packages_ignore_regex=None, paths=None, packages_up_to=None, packages_up_to_regex=None, packages_above=None, packages_above_and_dependencies=None, packages_above_depth=None, packages_select_by_dep=None, packages_skip_by_dep=None, packages_skip_up_to=None, packages_select_build_failed=False, packages_skip_build_finished=False, packages_select_test_failures=False, packages_skip_test_passed=False, packages_select=None, packages_skip=None, packages_select_regex=None, packages_skip_regex=None, packages_start=None, packages_end=None, allow_overriding=[], cmake_args=None, cmake_target=None, cmake_target_skip_unavailable=False, cmake_clean_cache=False, cmake_clean_first=False, cmake_force_configure=False, ament_cmake_args=None, catkin_cmake_args=None, catkin_skip_building_tests=False, mixin_files=None, mixin=None, verb_parser=<colcon_mixin.mixin.mixin_argument.MixinArgumentDecorator object at 0x7e7c20082aa0>, verb_extension=<colcon_core.verb.build.BuildVerb object at 0x7e7c200825f0>, main=<bound method BuildVerb.main of <colcon_core.verb.build.BuildVerb object at 0x7e7c200825f0>>, mixin_verb=('build',))
[0.325s] Level 1:colcon.colcon_core.package_discovery:discover_packages(colcon_meta) check parameters
[0.325s] Level 1:colcon.colcon_core.package_discovery:discover_packages(recursive) check parameters
[0.325s] Level 1:colcon.colcon_core.package_discovery:discover_packages(ignore) check parameters
[0.325s] Level 1:colcon.colcon_core.package_discovery:discover_packages(path) check parameters
[0.325s] Level 1:colcon.colcon_core.package_discovery:discover_packages(colcon_meta) discover
[0.325s] Level 1:colcon.colcon_core.package_discovery:discover_packages(recursive) discover
[0.325s] INFO:colcon.colcon_core.package_discovery:Crawling recursively for packages in '/home/aditya/omx_pick_and_pace_ws'
[0.325s] Level 1:colcon.colcon_core.package_identification:_identify(.) by extensions ['ignore', 'ignore_ament_install']
[0.325s] Level 1:colcon.colcon_core.package_identification:_identify(.) by extension 'ignore'
[0.325s] Level 1:colcon.colcon_core.package_identification:_identify(.) by extension 'ignore_ament_install'
[0.325s] Level 1:colcon.colcon_core.package_identification:_identify(.) by extensions ['colcon_pkg']
[0.325s] Level 1:colcon.colcon_core.package_identification:_identify(.) by extension 'colcon_pkg'
[0.325s] Level 1:colcon.colcon_core.package_identification:_identify(.) by extensions ['colcon_meta']
[0.325s] Level 1:colcon.colcon_core.package_identification:_identify(.) by extension 'colcon_meta'
[0.325s] Level 1:colcon.colcon_core.package_identification:_identify(.) by extensions ['ros']
[0.325s] Level 1:colcon.colcon_core.package_identification:_identify(.) by extension 'ros'
[0.341s] Level 1:colcon.colcon_core.package_identification:_identify(.) by extensions ['cmake', 'python']
[0.341s] Level 1:colcon.colcon_core.package_identification:_identify(.) by extension 'cmake'
[0.341s] Level 1:colcon.colcon_core.package_identification:_identify(.) by extension 'python'
[0.341s] Level 1:colcon.colcon_core.package_identification:_identify(.) by extensions ['python_setup_py']
[0.341s] Level 1:colcon.colcon_core.package_identification:_identify(.) by extension 'python_setup_py'
[0.341s] Level 1:colcon.colcon_core.package_identification:_identify(build) by extensions ['ignore', 'ignore_ament_install']
[0.341s] Level 1:colcon.colcon_core.package_identification:_identify(build) by extension 'ignore'
[0.341s] Level 1:colcon.colcon_core.package_identification:_identify(build) ignored
[0.341s] Level 1:colcon.colcon_core.package_identification:_identify(install) by extensions ['ignore', 'ignore_ament_install']
[0.342s] Level 1:colcon.colcon_core.package_identification:_identify(install) by extension 'ignore'
[0.342s] Level 1:colcon.colcon_core.package_identification:_identify(install) ignored
[0.342s] Level 1:colcon.colcon_core.package_identification:_identify(log) by extensions ['ignore', 'ignore_ament_install']
[0.342s] Level 1:colcon.colcon_core.package_identification:_identify(log) by extension 'ignore'
[0.342s] Level 1:colcon.colcon_core.package_identification:_identify(log) ignored
[0.342s] Level 1:colcon.colcon_core.package_identification:_identify(src) by extensions ['ignore', 'ignore_ament_install']
[0.342s] Level 1:colcon.colcon_core.package_identification:_identify(src) by extension 'ignore'
[0.342s] Level 1:colcon.colcon_core.package_identification:_identify(src) by extension 'ignore_ament_install'
[0.342s] Level 1:colcon.colcon_core.package_identification:_identify(src) by extensions ['colcon_pkg']
[0.342s] Level 1:colcon.colcon_core.package_identification:_identify(src) by extension 'colcon_pkg'
[0.342s] Level 1:colcon.colcon_core.package_identification:_identify(src) by extensions ['colcon_meta']
[0.342s] Level 1:colcon.colcon_core.package_identification:_identify(src) by extension 'colcon_meta'
[0.342s] Level 1:colcon.colcon_core.package_identification:_identify(src) by extensions ['ros']
[0.342s] Level 1:colcon.colcon_core.package_identification:_identify(src) by extension 'ros'
[0.342s] Level 1:colcon.colcon_core.package_identification:_identify(src) by extensions ['cmake', 'python']
[0.342s] Level 1:colcon.colcon_core.package_identification:_identify(src) by extension 'cmake'
[0.342s] Level 1:colcon.colcon_core.package_identification:_identify(src) by extension 'python'
[0.342s] Level 1:colcon.colcon_core.package_identification:_identify(src) by extensions ['python_setup_py']
[0.342s] Level 1:colcon.colcon_core.package_identification:_identify(src) by extension 'python_setup_py'
[0.342s] Level 1:colcon.colcon_core.package_identification:_identify(src/omx_pick_place) by extensions ['ignore', 'ignore_ament_install']
[0.342s] Level 1:colcon.colcon_core.package_identification:_identify(src/omx_pick_place) by extension 'ignore'
[0.342s] Level 1:colcon.colcon_core.package_identification:_identify(src/omx_pick_place) by extension 'ignore_ament_install'
[0.343s] Level 1:colcon.colcon_core.package_identification:_identify(src/omx_pick_place) by extensions ['colcon_pkg']
[0.343s] Level 1:colcon.colcon_core.package_identification:_identify(src/omx_pick_place) by extension 'colcon_pkg'
[0.343s] Level 1:colcon.colcon_core.package_identification:_identify(src/omx_pick_place) by extensions ['colcon_meta']
[0.343s] Level 1:colcon.colcon_core.package_identification:_identify(src/omx_pick_place) by extension 'colcon_meta'
[0.343s] Level 1:colcon.colcon_core.package_identification:_identify(src/omx_pick_place) by extensions ['ros']
[0.343s] Level 1:colcon.colcon_core.package_identification:_identify(src/omx_pick_place) by extension 'ros'
[0.345s] DEBUG:colcon.colcon_core.package_identification:Package 'src/omx_pick_place' with type 'ros.ament_cmake' and name 'omx_pick_place'
[0.345s] Level 1:colcon.colcon_core.package_identification:_identify(src/pick_place_pkg) by extensions ['ignore', 'ignore_ament_install']
[0.345s] Level 1:colcon.colcon_core.package_identification:_identify(src/pick_place_pkg) by extension 'ignore'
[0.345s] Level 1:colcon.colcon_core.package_identification:_identify(src/pick_place_pkg) by extension 'ignore_ament_install'
[0.345s] Level 1:colcon.colcon_core.package_identification:_identify(src/pick_place_pkg) by extensions ['colcon_pkg']
[0.345s] Level 1:colcon.colcon_core.package_identification:_identify(src/pick_place_pkg) by extension 'colcon_pkg'
[0.345s] Level 1:colcon.colcon_core.package_identification:_identify(src/pick_place_pkg) by extensions ['colcon_meta']
[0.345s] Level 1:colcon.colcon_core.package_identification:_identify(src/pick_place_pkg) by extension 'colcon_meta'
[0.345s] Level 1:colcon.colcon_core.package_identification:_identify(src/pick_place_pkg) by extensions ['ros']
[0.345s] Level 1:colcon.colcon_core.package_identification:_identify(src/pick_place_pkg) by extension 'ros'
[0.346s] DEBUG:colcon.colcon_core.package_identification:Package 'src/pick_place_pkg' with type 'ros.ament_cmake' and name 'pick_place_pkg'
[0.346s] Level 1:colcon.colcon_core.package_discovery:discover_packages(recursive) using defaults
[0.346s] Level 1:colcon.colcon_core.package_discovery:discover_packages(ignore) discover
[0.346s] Level 1:colcon.colcon_core.package_discovery:discover_packages(ignore) using defaults
[0.346s] Level 1:colcon.colcon_core.package_discovery:discover_packages(path) discover
[0.346s] Level 1:colcon.colcon_core.package_discovery:discover_packages(path) using defaults
[0.364s] Level 1:colcon.colcon_core.package_discovery:discover_packages(prefix_path) check parameters
[0.364s] Level 1:colcon.colcon_core.package_discovery:discover_packages(prefix_path) discover
[0.367s] DEBUG:colcon.colcon_installed_package_information.package_discovery:Found 17 installed packages in /home/aditya/ExperimentalRobotics_ws/install
[0.367s] DEBUG:colcon.colcon_installed_package_information.package_discovery:Found 16 installed packages in /home/aditya/xarm6_ws/install
[0.369s] DEBUG:colcon.colcon_installed_package_information.package_discovery:Found 433 installed packages in /opt/ros/humble
[0.370s] Level 1:colcon.colcon_core.package_discovery:discover_packages(prefix_path) using defaults
[0.416s] Level 5:colcon.colcon_core.verb:set package 'omx_pick_place' build argument 'cmake_args' from command line to 'None'
[0.416s] Level 5:colcon.colcon_core.verb:set package 'omx_pick_place' build argument 'cmake_target' from command line to 'None'
[0.416s] Level 5:colcon.colcon_core.verb:set package 'omx_pick_place' build argument 'cmake_target_skip_unavailable' from command line to 'False'
[0.416s] Level 5:colcon.colcon_core.verb:set package 'omx_pick_place' build argument 'cmake_clean_cache' from command line to 'False'
[0.416s] Level 5:colcon.colcon_core.verb:set package 'omx_pick_place' build argument 'cmake_clean_first' from command line to 'False'
[0.416s] Level 5:colcon.colcon_core.verb:set package 'omx_pick_place' build argument 'cmake_force_configure' from command line to 'False'
[0.416s] Level 5:colcon.colcon_core.verb:set package 'omx_pick_place' build argument 'ament_cmake_args' from command line to 'None'
[0.416s] Level 5:colcon.colcon_core.verb:set package 'omx_pick_place' build argument 'catkin_cmake_args' from command line to 'None'
[0.416s] Level 5:colcon.colcon_core.verb:set package 'omx_pick_place' build argument 'catkin_skip_building_tests' from command line to 'False'
[0.417s] DEBUG:colcon.colcon_core.verb:Building package 'omx_pick_place' with the following arguments: {'ament_cmake_args': None, 'build_base': '/home/aditya/omx_pick_and_pace_ws/build/omx_pick_place', 'catkin_cmake_args': None, 'catkin_skip_building_tests': False, 'cmake_args': None, 'cmake_clean_cache': False, 'cmake_clean_first': False, 'cmake_force_configure': False, 'cmake_target': None, 'cmake_target_skip_unavailable': False, 'install_base': '/home/aditya/omx_pick_and_pace_ws/install/omx_pick_place', 'merge_install': False, 'path': '/home/aditya/omx_pick_and_pace_ws/src/omx_pick_place', 'symlink_install': False, 'test_result_base': None}
[0.417s] Level 5:colcon.colcon_core.verb:set package 'pick_place_pkg' build argument 'cmake_args' from command line to 'None'
[0.417s] Level 5:colcon.colcon_core.verb:set package 'pick_place_pkg' build argument 'cmake_target' from command line to 'None'
[0.417s] Level 5:colcon.colcon_core.verb:set package 'pick_place_pkg' build argument 'cmake_target_skip_unavailable' from command line to 'False'
[0.417s] Level 5:colcon.colcon_core.verb:set package 'pick_place_pkg' build argument 'cmake_clean_cache' from command line to 'False'
[0.417s] Level 5:colcon.colcon_core.verb:set package 'pick_place_pkg' build argument 'cmake_clean_first' from command line to 'False'
[0.417s] Level 5:colcon.colcon_core.verb:set package 'pick_place_pkg' build argument 'cmake_force_configure' from command line to 'False'
[0.417s] Level 5:colcon.colcon_core.verb:set package 'pick_place_pkg' build argument 'ament_cmake_args' from command line to 'None'
[0.417s] Level 5:colcon.colcon_core.verb:set package 'pick_place_pkg' build argument 'catkin_cmake_args' from command line to 'None'
[0.417s] Level 5:colcon.colcon_core.verb:set package 'pick_place_pkg' build argument 'catkin_skip_building_tests' from command line to 'False'
[0.417s] DEBUG:colcon.colcon_core.verb:Building package 'pick_place_pkg' with the following arguments: {'ament_cmake_args': None, 'build_base': '/home/aditya/omx_pick_and_pace_ws/build/pick_place_pkg', 'catkin_cmake_args': None, 'catkin_skip_building_tests': False, 'cmake_args': None, 'cmake_clean_cache': False, 'cmake_clean_first': False, 'cmake_force_configure': False, 'cmake_target': None, 'cmake_target_skip_unavailable': False, 'install_base': '/home/aditya/omx_pick_and_pace_ws/install/pick_place_pkg', 'merge_install': False, 'path': '/home/aditya/omx_pick_and_pace_ws/src/pick_place_pkg', 'symlink_install': False, 'test_result_base': None}
[0.417s] INFO:colcon.colcon_core.executor:Executing jobs using 'parallel' executor
[0.418s] DEBUG:colcon.colcon_parallel_executor.executor.parallel:run_until_complete
[0.419s] INFO:colcon.colcon_ros.task.ament_cmake.build:Building ROS package in '/home/aditya/omx_pick_and_pace_ws/src/omx_pick_place' with build type 'ament_cmake'
[0.419s] INFO:colcon.colcon_cmake.task.cmake.build:Building CMake package in '/home/aditya/omx_pick_and_pace_ws/src/omx_pick_place'
[0.421s] INFO:colcon.colcon_core.plugin_system:Skipping extension 'colcon_core.shell.bat': Not used on non-Windows systems
[0.421s] INFO:colcon.colcon_core.shell:Skip shell extension 'powershell' for command environment: Not usable outside of PowerShell
[0.421s] DEBUG:colcon.colcon_core.shell:Skip shell extension 'dsv' for command environment
[0.426s] INFO:colcon.colcon_ros.task.ament_cmake.build:Building ROS package in '/home/aditya/omx_pick_and_pace_ws/src/pick_place_pkg' with build type 'ament_cmake'
[0.426s] INFO:colcon.colcon_cmake.task.cmake.build:Building CMake package in '/home/aditya/omx_pick_and_pace_ws/src/pick_place_pkg'
[0.427s] INFO:colcon.colcon_core.shell:Skip shell extension 'powershell' for command environment: Not usable outside of PowerShell
[0.427s] DEBUG:colcon.colcon_core.shell:Skip shell extension 'dsv' for command environment
[0.436s] DEBUG:colcon.colcon_core.event_handler.log_command:Invoking command in '/home/aditya/omx_pick_and_pace_ws/build/omx_pick_place': CMAKE_PREFIX_PATH=${CMAKE_PREFIX_PATH}:/home/aditya/ExperimentalRobotics_ws/install/task_one:/home/aditya/ExperimentalRobotics_ws/install/task_2:/home/aditya/ExperimentalRobotics_ws/install/task_1:/home/aditya/ExperimentalRobotics_ws/install/practical9:/home/aditya/ExperimentalRobotics_ws/install/practical8:/home/aditya/ExperimentalRobotics_ws/install/practical7:/home/aditya/ExperimentalRobotics_ws/install/practical6:/home/aditya/ExperimentalRobotics_ws/install/practical5:/home/aditya/ExperimentalRobotics_ws/install/practical3:/home/aditya/ExperimentalRobotics_ws/install/practical2:/home/aditya/ExperimentalRobotics_ws/install/practical1:/home/aditya/ExperimentalRobotics_ws/install/major1:/home/aditya/ExperimentalRobotics_ws/install/aditya_pkg:/home/aditya/xarm6_ws/install/my_solution:/home/aditya/xarm6_ws/install/trial:/home/aditya/xarm6_ws/install/uf_ros_lib:/opt/ros/humble /usr/bin/cmake /home/aditya/omx_pick_and_pace_ws/src/omx_pick_place -DCMAKE_INSTALL_PREFIX=/home/aditya/omx_pick_and_pace_ws/install/omx_pick_place
[0.442s] DEBUG:colcon.colcon_core.event_handler.log_command:Invoking command in '/home/aditya/omx_pick_and_pace_ws/build/pick_place_pkg': CMAKE_PREFIX_PATH=${CMAKE_PREFIX_PATH}:/home/aditya/ExperimentalRobotics_ws/install/task_one:/home/aditya/ExperimentalRobotics_ws/install/task_2:/home/aditya/ExperimentalRobotics_ws/install/task_1:/home/aditya/ExperimentalRobotics_ws/install/practical9:/home/aditya/ExperimentalRobotics_ws/install/practical8:/home/aditya/ExperimentalRobotics_ws/install/practical7:/home/aditya/ExperimentalRobotics_ws/install/practical6:/home/aditya/ExperimentalRobotics_ws/install/practical5:/home/aditya/ExperimentalRobotics_ws/install/practical3:/home/aditya/ExperimentalRobotics_ws/install/practical2:/home/aditya/ExperimentalRobotics_ws/install/practical1:/home/aditya/ExperimentalRobotics_ws/install/major1:/home/aditya/ExperimentalRobotics_ws/install/aditya_pkg:/home/aditya/xarm6_ws/install/my_solution:/home/aditya/xarm6_ws/install/trial:/home/aditya/xarm6_ws/install/uf_ros_lib:/opt/ros/humble /usr/bin/cmake /home/aditya/omx_pick_and_pace_ws/src/pick_place_pkg -DCMAKE_INSTALL_PREFIX=/home/aditya/omx_pick_and_pace_ws/install/pick_place_pkg
[1.453s] DEBUG:colcon.colcon_core.event_handler.log_command:Invoked command in '/home/aditya/omx_pick_and_pace_ws/build/pick_place_pkg' returned '0': CMAKE_PREFIX_PATH=${CMAKE_PREFIX_PATH}:/home/aditya/ExperimentalRobotics_ws/install/task_one:/home/aditya/ExperimentalRobotics_ws/install/task_2:/home/aditya/ExperimentalRobotics_ws/install/task_1:/home/aditya/ExperimentalRobotics_ws/install/practical9:/home/aditya/ExperimentalRobotics_ws/install/practical8:/home/aditya/ExperimentalRobotics_ws/install/practical7:/home/aditya/ExperimentalRobotics_ws/install/practical6:/home/aditya/ExperimentalRobotics_ws/install/practical5:/home/aditya/ExperimentalRobotics_ws/install/practical3:/home/aditya/ExperimentalRobotics_ws/install/practical2:/home/aditya/ExperimentalRobotics_ws/install/practical1:/home/aditya/ExperimentalRobotics_ws/install/major1:/home/aditya/ExperimentalRobotics_ws/install/aditya_pkg:/home/aditya/xarm6_ws/install/my_solution:/home/aditya/xarm6_ws/install/trial:/home/aditya/xarm6_ws/install/uf_ros_lib:/opt/ros/humble /usr/bin/cmake /home/aditya/omx_pick_and_pace_ws/src/pick_place_pkg -DCMAKE_INSTALL_PREFIX=/home/aditya/omx_pick_and_pace_ws/install/pick_place_pkg
[1.454s] DEBUG:colcon.colcon_core.event_handler.log_command:Invoking command in '/home/aditya/omx_pick_and_pace_ws/build/pick_place_pkg': CMAKE_PREFIX_PATH=${CMAKE_PREFIX_PATH}:/home/aditya/ExperimentalRobotics_ws/install/task_one:/home/aditya/ExperimentalRobotics_ws/install/task_2:/home/aditya/ExperimentalRobotics_ws/install/task_1:/home/aditya/ExperimentalRobotics_ws/install/practical9:/home/aditya/ExperimentalRobotics_ws/install/practical8:/home/aditya/ExperimentalRobotics_ws/install/practical7:/home/aditya/ExperimentalRobotics_ws/install/practical6:/home/aditya/ExperimentalRobotics_ws/install/practical5:/home/aditya/ExperimentalRobotics_ws/install/practical3:/home/aditya/ExperimentalRobotics_ws/install/practical2:/home/aditya/ExperimentalRobotics_ws/install/practical1:/home/aditya/ExperimentalRobotics_ws/install/major1:/home/aditya/ExperimentalRobotics_ws/install/aditya_pkg:/home/aditya/xarm6_ws/install/my_solution:/home/aditya/xarm6_ws/install/trial:/home/aditya/xarm6_ws/install/uf_ros_lib:/opt/ros/humble /usr/bin/cmake --build /home/aditya/omx_pick_and_pace_ws/build/pick_place_pkg -- -j8 -l8
[1.493s] DEBUG:colcon.colcon_core.event_handler.log_command:Invoked command in '/home/aditya/omx_pick_and_pace_ws/build/pick_place_pkg' returned '0': CMAKE_PREFIX_PATH=${CMAKE_PREFIX_PATH}:/home/aditya/ExperimentalRobotics_ws/install/task_one:/home/aditya/ExperimentalRobotics_ws/install/task_2:/home/aditya/ExperimentalRobotics_ws/install/task_1:/home/aditya/ExperimentalRobotics_ws/install/practical9:/home/aditya/ExperimentalRobotics_ws/install/practical8:/home/aditya/ExperimentalRobotics_ws/install/practical7:/home/aditya/ExperimentalRobotics_ws/install/practical6:/home/aditya/ExperimentalRobotics_ws/install/practical5:/home/aditya/ExperimentalRobotics_ws/install/practical3:/home/aditya/ExperimentalRobotics_ws/install/practical2:/home/aditya/ExperimentalRobotics_ws/install/practical1:/home/aditya/ExperimentalRobotics_ws/install/major1:/home/aditya/ExperimentalRobotics_ws/install/aditya_pkg:/home/aditya/xarm6_ws/install/my_solution:/home/aditya/xarm6_ws/install/trial:/home/aditya/xarm6_ws/install/uf_ros_lib:/opt/ros/humble /usr/bin/cmake --build /home/aditya/omx_pick_and_pace_ws/build/pick_place_pkg -- -j8 -l8
[1.503s] DEBUG:colcon.colcon_core.event_handler.log_command:Invoking command in '/home/aditya/omx_pick_and_pace_ws/build/pick_place_pkg': CMAKE_PREFIX_PATH=${CMAKE_PREFIX_PATH}:/home/aditya/ExperimentalRobotics_ws/install/task_one:/home/aditya/ExperimentalRobotics_ws/install/task_2:/home/aditya/ExperimentalRobotics_ws/install/task_1:/home/aditya/ExperimentalRobotics_ws/install/practical9:/home/aditya/ExperimentalRobotics_ws/install/practical8:/home/aditya/ExperimentalRobotics_ws/install/practical7:/home/aditya/ExperimentalRobotics_ws/install/practical6:/home/aditya/ExperimentalRobotics_ws/install/practical5:/home/aditya/ExperimentalRobotics_ws/install/practical3:/home/aditya/ExperimentalRobotics_ws/install/practical2:/home/aditya/ExperimentalRobotics_ws/install/practical1:/home/aditya/ExperimentalRobotics_ws/install/major1:/home/aditya/ExperimentalRobotics_ws/install/aditya_pkg:/home/aditya/xarm6_ws/install/my_solution:/home/aditya/xarm6_ws/install/trial:/home/aditya/xarm6_ws/install/uf_ros_lib:/opt/ros/humble /usr/bin/cmake --install /home/aditya/omx_pick_and_pace_ws/build/pick_place_pkg
[1.524s] Level 1:colcon.colcon_core.environment:create_environment_scripts_only(pick_place_pkg)
[1.525s] DEBUG:colcon.colcon_core.event_handler.log_command:Invoked command in '/home/aditya/omx_pick_and_pace_ws/build/pick_place_pkg' returned '0': CMAKE_PREFIX_PATH=${CMAKE_PREFIX_PATH}:/home/aditya/ExperimentalRobotics_ws/install/task_one:/home/aditya/ExperimentalRobotics_ws/install/task_2:/home/aditya/ExperimentalRobotics_ws/install/task_1:/home/aditya/ExperimentalRobotics_ws/install/practical9:/home/aditya/ExperimentalRobotics_ws/install/practical8:/home/aditya/ExperimentalRobotics_ws/install/practical7:/home/aditya/ExperimentalRobotics_ws/install/practical6:/home/aditya/ExperimentalRobotics_ws/install/practical5:/home/aditya/ExperimentalRobotics_ws/install/practical3:/home/aditya/ExperimentalRobotics_ws/install/practical2:/home/aditya/ExperimentalRobotics_ws/install/practical1:/home/aditya/ExperimentalRobotics_ws/install/major1:/home/aditya/ExperimentalRobotics_ws/install/aditya_pkg:/home/aditya/xarm6_ws/install/my_solution:/home/aditya/xarm6_ws/install/trial:/home/aditya/xarm6_ws/install/uf_ros_lib:/opt/ros/humble /usr/bin/cmake --install /home/aditya/omx_pick_and_pace_ws/build/pick_place_pkg
[1.528s] Level 1:colcon.colcon_core.environment:checking '/home/aditya/omx_pick_and_pace_ws/install/pick_place_pkg' for CMake module files
[1.528s] Level 1:colcon.colcon_core.environment:checking '/home/aditya/omx_pick_and_pace_ws/install/pick_place_pkg' for CMake config files
[1.528s] Level 1:colcon.colcon_core.shell:create_environment_hook('pick_place_pkg', 'cmake_prefix_path')
[1.529s] INFO:colcon.colcon_core.shell:Creating environment hook '/home/aditya/omx_pick_and_pace_ws/install/pick_place_pkg/share/pick_place_pkg/hook/cmake_prefix_path.ps1'
[1.529s] INFO:colcon.colcon_core.shell:Creating environment descriptor '/home/aditya/omx_pick_and_pace_ws/install/pick_place_pkg/share/pick_place_pkg/hook/cmake_prefix_path.dsv'
[1.530s] INFO:colcon.colcon_core.shell:Creating environment hook '/home/aditya/omx_pick_and_pace_ws/install/pick_place_pkg/share/pick_place_pkg/hook/cmake_prefix_path.sh'
[1.531s] Level 1:colcon.colcon_core.environment:checking '/home/aditya/omx_pick_and_pace_ws/install/pick_place_pkg/lib'
[1.531s] Level 1:colcon.colcon_core.environment:checking '/home/aditya/omx_pick_and_pace_ws/install/pick_place_pkg/bin'
[1.531s] Level 1:colcon.colcon_core.environment:checking '/home/aditya/omx_pick_and_pace_ws/install/pick_place_pkg/lib/pkgconfig/pick_place_pkg.pc'
[1.531s] Level 1:colcon.colcon_core.environment:checking '/home/aditya/omx_pick_and_pace_ws/install/pick_place_pkg/lib/python3.10/site-packages'
[1.532s] Level 1:colcon.colcon_core.environment:checking '/home/aditya/omx_pick_and_pace_ws/install/pick_place_pkg/bin'
[1.532s] INFO:colcon.colcon_core.shell:Creating package script '/home/aditya/omx_pick_and_pace_ws/install/pick_place_pkg/share/pick_place_pkg/package.ps1'
[1.533s] INFO:colcon.colcon_core.shell:Creating package descriptor '/home/aditya/omx_pick_and_pace_ws/install/pick_place_pkg/share/pick_place_pkg/package.dsv'
[1.533s] INFO:colcon.colcon_core.shell:Creating package script '/home/aditya/omx_pick_and_pace_ws/install/pick_place_pkg/share/pick_place_pkg/package.sh'
[1.534s] INFO:colcon.colcon_core.shell:Creating package script '/home/aditya/omx_pick_and_pace_ws/install/pick_place_pkg/share/pick_place_pkg/package.bash'
[1.535s] INFO:colcon.colcon_core.shell:Creating package script '/home/aditya/omx_pick_and_pace_ws/install/pick_place_pkg/share/pick_place_pkg/package.zsh'
[1.535s] Level 1:colcon.colcon_core.environment:create_file_with_runtime_dependencies(/home/aditya/omx_pick_and_pace_ws/install/pick_place_pkg/share/colcon-core/packages/pick_place_pkg)
[1.536s] Level 1:colcon.colcon_core.environment:create_environment_scripts_only(pick_place_pkg)
[1.536s] Level 1:colcon.colcon_core.environment:checking '/home/aditya/omx_pick_and_pace_ws/install/pick_place_pkg' for CMake module files
[1.536s] Level 1:colcon.colcon_core.environment:checking '/home/aditya/omx_pick_and_pace_ws/install/pick_place_pkg' for CMake config files
[1.537s] Level 1:colcon.colcon_core.shell:create_environment_hook('pick_place_pkg', 'cmake_prefix_path')
[1.537s] INFO:colcon.colcon_core.shell:Creating environment hook '/home/aditya/omx_pick_and_pace_ws/install/pick_place_pkg/share/pick_place_pkg/hook/cmake_prefix_path.ps1'
[1.537s] INFO:colcon.colcon_core.shell:Creating environment descriptor '/home/aditya/omx_pick_and_pace_ws/install/pick_place_pkg/share/pick_place_pkg/hook/cmake_prefix_path.dsv'
[1.538s] INFO:colcon.colcon_core.shell:Creating environment hook '/home/aditya/omx_pick_and_pace_ws/install/pick_place_pkg/share/pick_place_pkg/hook/cmake_prefix_path.sh'
[1.538s] Level 1:colcon.colcon_core.environment:checking '/home/aditya/omx_pick_and_pace_ws/install/pick_place_pkg/lib'
[1.538s] Level 1:colcon.colcon_core.environment:checking '/home/aditya/omx_pick_and_pace_ws/install/pick_place_pkg/bin'
[1.539s] Level 1:colcon.colcon_core.environment:checking '/home/aditya/omx_pick_and_pace_ws/install/pick_place_pkg/lib/pkgconfig/pick_place_pkg.pc'
[1.539s] Level 1:colcon.colcon_core.environment:checking '/home/aditya/omx_pick_and_pace_ws/install/pick_place_pkg/lib/python3.10/site-packages'
[1.539s] Level 1:colcon.colcon_core.environment:checking '/home/aditya/omx_pick_and_pace_ws/install/pick_place_pkg/bin'
[1.539s] INFO:colcon.colcon_core.shell:Creating package script '/home/aditya/omx_pick_and_pace_ws/install/pick_place_pkg/share/pick_place_pkg/package.ps1'
[1.540s] INFO:colcon.colcon_core.shell:Creating package descriptor '/home/aditya/omx_pick_and_pace_ws/install/pick_place_pkg/share/pick_place_pkg/package.dsv'
[1.540s] INFO:colcon.colcon_core.shell:Creating package script '/home/aditya/omx_pick_and_pace_ws/install/pick_place_pkg/share/pick_place_pkg/package.sh'
[1.541s] INFO:colcon.colcon_core.shell:Creating package script '/home/aditya/omx_pick_and_pace_ws/install/pick_place_pkg/share/pick_place_pkg/package.bash'
[1.541s] INFO:colcon.colcon_core.shell:Creating package script '/home/aditya/omx_pick_and_pace_ws/install/pick_place_pkg/share/pick_place_pkg/package.zsh'
[1.541s] Level 1:colcon.colcon_core.environment:create_file_with_runtime_dependencies(/home/aditya/omx_pick_and_pace_ws/install/pick_place_pkg/share/colcon-core/packages/pick_place_pkg)
[1.907s] DEBUG:colcon.colcon_core.event_handler.log_command:Invoked command in '/home/aditya/omx_pick_and_pace_ws/build/omx_pick_place' returned '0': CMAKE_PREFIX_PATH=${CMAKE_PREFIX_PATH}:/home/aditya/ExperimentalRobotics_ws/install/task_one:/home/aditya/ExperimentalRobotics_ws/install/task_2:/home/aditya/ExperimentalRobotics_ws/install/task_1:/home/aditya/ExperimentalRobotics_ws/install/practical9:/home/aditya/ExperimentalRobotics_ws/install/practical8:/home/aditya/ExperimentalRobotics_ws/install/practical7:/home/aditya/ExperimentalRobotics_ws/install/practical6:/home/aditya/ExperimentalRobotics_ws/install/practical5:/home/aditya/ExperimentalRobotics_ws/install/practical3:/home/aditya/ExperimentalRobotics_ws/install/practical2:/home/aditya/ExperimentalRobotics_ws/install/practical1:/home/aditya/ExperimentalRobotics_ws/install/major1:/home/aditya/ExperimentalRobotics_ws/install/aditya_pkg:/home/aditya/xarm6_ws/install/my_solution:/home/aditya/xarm6_ws/install/trial:/home/aditya/xarm6_ws/install/uf_ros_lib:/opt/ros/humble /usr/bin/cmake /home/aditya/omx_pick_and_pace_ws/src/omx_pick_place -DCMAKE_INSTALL_PREFIX=/home/aditya/omx_pick_and_pace_ws/install/omx_pick_place
[1.909s] DEBUG:colcon.colcon_core.event_handler.log_command:Invoking command in '/home/aditya/omx_pick_and_pace_ws/build/omx_pick_place': CMAKE_PREFIX_PATH=${CMAKE_PREFIX_PATH}:/home/aditya/ExperimentalRobotics_ws/install/task_one:/home/aditya/ExperimentalRobotics_ws/install/task_2:/home/aditya/ExperimentalRobotics_ws/install/task_1:/home/aditya/ExperimentalRobotics_ws/install/practical9:/home/aditya/ExperimentalRobotics_ws/install/practical8:/home/aditya/ExperimentalRobotics_ws/install/practical7:/home/aditya/ExperimentalRobotics_ws/install/practical6:/home/aditya/ExperimentalRobotics_ws/install/practical5:/home/aditya/ExperimentalRobotics_ws/install/practical3:/home/aditya/ExperimentalRobotics_ws/install/practical2:/home/aditya/ExperimentalRobotics_ws/install/practical1:/home/aditya/ExperimentalRobotics_ws/install/major1:/home/aditya/ExperimentalRobotics_ws/install/aditya_pkg:/home/aditya/xarm6_ws/install/my_solution:/home/aditya/xarm6_ws/install/trial:/home/aditya/xarm6_ws/install/uf_ros_lib:/opt/ros/humble /usr/bin/cmake --build /home/aditya/omx_pick_and_pace_ws/build/omx_pick_place -- -j8 -l8
[10.465s] DEBUG:colcon.colcon_core.event_handler.log_command:Invoked command in '/home/aditya/omx_pick_and_pace_ws/build/omx_pick_place' returned '0': CMAKE_PREFIX_PATH=${CMAKE_PREFIX_PATH}:/home/aditya/ExperimentalRobotics_ws/install/task_one:/home/aditya/ExperimentalRobotics_ws/install/task_2:/home/aditya/ExperimentalRobotics_ws/install/task_1:/home/aditya/ExperimentalRobotics_ws/install/practical9:/home/aditya/ExperimentalRobotics_ws/install/practical8:/home/aditya/ExperimentalRobotics_ws/install/practical7:/home/aditya/ExperimentalRobotics_ws/install/practical6:/home/aditya/ExperimentalRobotics_ws/install/practical5:/home/aditya/ExperimentalRobotics_ws/install/practical3:/home/aditya/ExperimentalRobotics_ws/install/practical2:/home/aditya/ExperimentalRobotics_ws/install/practical1:/home/aditya/ExperimentalRobotics_ws/install/major1:/home/aditya/ExperimentalRobotics_ws/install/aditya_pkg:/home/aditya/xarm6_ws/install/my_solution:/home/aditya/xarm6_ws/install/trial:/home/aditya/xarm6_ws/install/uf_ros_lib:/opt/ros/humble /usr/bin/cmake --build /home/aditya/omx_pick_and_pace_ws/build/omx_pick_place -- -j8 -l8
[10.466s] DEBUG:colcon.colcon_core.event_handler.log_command:Invoking command in '/home/aditya/omx_pick_and_pace_ws/build/omx_pick_place': CMAKE_PREFIX_PATH=${CMAKE_PREFIX_PATH}:/home/aditya/ExperimentalRobotics_ws/install/task_one:/home/aditya/ExperimentalRobotics_ws/install/task_2:/home/aditya/ExperimentalRobotics_ws/install/task_1:/home/aditya/ExperimentalRobotics_ws/install/practical9:/home/aditya/ExperimentalRobotics_ws/install/practical8:/home/aditya/ExperimentalRobotics_ws/install/practical7:/home/aditya/ExperimentalRobotics_ws/install/practical6:/home/aditya/ExperimentalRobotics_ws/install/practical5:/home/aditya/ExperimentalRobotics_ws/install/practical3:/home/aditya/ExperimentalRobotics_ws/install/practical2:/home/aditya/ExperimentalRobotics_ws/install/practical1:/home/aditya/ExperimentalRobotics_ws/install/major1:/home/aditya/ExperimentalRobotics_ws/install/aditya_pkg:/home/aditya/xarm6_ws/install/my_solution:/home/aditya/xarm6_ws/install/trial:/home/aditya/xarm6_ws/install/uf_ros_lib:/opt/ros/humble /usr/bin/cmake --install /home/aditya/omx_pick_and_pace_ws/build/omx_pick_place
[10.480s] Level 1:colcon.colcon_core.environment:create_environment_scripts_only(omx_pick_place)
[10.480s] Level 1:colcon.colcon_core.environment:checking '/home/aditya/omx_pick_and_pace_ws/install/omx_pick_place' for CMake module files
[10.481s] DEBUG:colcon.colcon_core.event_handler.log_command:Invoked command in '/home/aditya/omx_pick_and_pace_ws/build/omx_pick_place' returned '0': CMAKE_PREFIX_PATH=${CMAKE_PREFIX_PATH}:/home/aditya/ExperimentalRobotics_ws/install/task_one:/home/aditya/ExperimentalRobotics_ws/install/task_2:/home/aditya/ExperimentalRobotics_ws/install/task_1:/home/aditya/ExperimentalRobotics_ws/install/practical9:/home/aditya/ExperimentalRobotics_ws/install/practical8:/home/aditya/ExperimentalRobotics_ws/install/practical7:/home/aditya/ExperimentalRobotics_ws/install/practical6:/home/aditya/ExperimentalRobotics_ws/install/practical5:/home/aditya/ExperimentalRobotics_ws/install/practical3:/home/aditya/ExperimentalRobotics_ws/install/practical2:/home/aditya/ExperimentalRobotics_ws/install/practical1:/home/aditya/ExperimentalRobotics_ws/install/major1:/home/aditya/ExperimentalRobotics_ws/install/aditya_pkg:/home/aditya/xarm6_ws/install/my_solution:/home/aditya/xarm6_ws/install/trial:/home/aditya/xarm6_ws/install/uf_ros_lib:/opt/ros/humble /usr/bin/cmake --install /home/aditya/omx_pick_and_pace_ws/build/omx_pick_place
[10.481s] Level 1:colcon.colcon_core.environment:checking '/home/aditya/omx_pick_and_pace_ws/install/omx_pick_place' for CMake config files
[10.481s] Level 1:colcon.colcon_core.shell:create_environment_hook('omx_pick_place', 'cmake_prefix_path')
[10.481s] INFO:colcon.colcon_core.shell:Creating environment hook '/home/aditya/omx_pick_and_pace_ws/install/omx_pick_place/share/omx_pick_place/hook/cmake_prefix_path.ps1'
[10.482s] INFO:colcon.colcon_core.shell:Creating environment descriptor '/home/aditya/omx_pick_and_pace_ws/install/omx_pick_place/share/omx_pick_place/hook/cmake_prefix_path.dsv'
[10.482s] INFO:colcon.colcon_core.shell:Creating environment hook '/home/aditya/omx_pick_and_pace_ws/install/omx_pick_place/share/omx_pick_place/hook/cmake_prefix_path.sh'
[10.482s] Level 1:colcon.colcon_core.environment:checking '/home/aditya/omx_pick_and_pace_ws/install/omx_pick_place/lib'
[10.482s] Level 1:colcon.colcon_core.environment:checking '/home/aditya/omx_pick_and_pace_ws/install/omx_pick_place/bin'
[10.482s] Level 1:colcon.colcon_core.environment:checking '/home/aditya/omx_pick_and_pace_ws/install/omx_pick_place/lib/pkgconfig/omx_pick_place.pc'
[10.483s] Level 1:colcon.colcon_core.environment:checking '/home/aditya/omx_pick_and_pace_ws/install/omx_pick_place/lib/python3.10/site-packages'
[10.483s] Level 1:colcon.colcon_core.environment:checking '/home/aditya/omx_pick_and_pace_ws/install/omx_pick_place/bin'
[10.483s] INFO:colcon.colcon_core.shell:Creating package script '/home/aditya/omx_pick_and_pace_ws/install/omx_pick_place/share/omx_pick_place/package.ps1'
[10.483s] INFO:colcon.colcon_core.shell:Creating package descriptor '/home/aditya/omx_pick_and_pace_ws/install/omx_pick_place/share/omx_pick_place/package.dsv'
[10.484s] INFO:colcon.colcon_core.shell:Creating package script '/home/aditya/omx_pick_and_pace_ws/install/omx_pick_place/share/omx_pick_place/package.sh'
[10.484s] INFO:colcon.colcon_core.shell:Creating package script '/home/aditya/omx_pick_and_pace_ws/install/omx_pick_place/share/omx_pick_place/package.bash'
[10.484s] INFO:colcon.colcon_core.shell:Creating package script '/home/aditya/omx_pick_and_pace_ws/install/omx_pick_place/share/omx_pick_place/package.zsh'
[10.485s] Level 1:colcon.colcon_core.environment:create_file_with_runtime_dependencies(/home/aditya/omx_pick_and_pace_ws/install/omx_pick_place/share/colcon-core/packages/omx_pick_place)
[10.485s] Level 1:colcon.colcon_core.environment:create_environment_scripts_only(omx_pick_place)
[10.485s] Level 1:colcon.colcon_core.environment:checking '/home/aditya/omx_pick_and_pace_ws/install/omx_pick_place' for CMake module files
[10.486s] Level 1:colcon.colcon_core.environment:checking '/home/aditya/omx_pick_and_pace_ws/install/omx_pick_place' for CMake config files
[10.486s] Level 1:colcon.colcon_core.shell:create_environment_hook('omx_pick_place', 'cmake_prefix_path')
[10.486s] INFO:colcon.colcon_core.shell:Creating environment hook '/home/aditya/omx_pick_and_pace_ws/install/omx_pick_place/share/omx_pick_place/hook/cmake_prefix_path.ps1'
[10.487s] INFO:colcon.colcon_core.shell:Creating environment descriptor '/home/aditya/omx_pick_and_pace_ws/install/omx_pick_place/share/omx_pick_place/hook/cmake_prefix_path.dsv'
[10.487s] INFO:colcon.colcon_core.shell:Creating environment hook '/home/aditya/omx_pick_and_pace_ws/install/omx_pick_place/share/omx_pick_place/hook/cmake_prefix_path.sh'
[10.487s] Level 1:colcon.colcon_core.environment:checking '/home/aditya/omx_pick_and_pace_ws/install/omx_pick_place/lib'
[10.488s] Level 1:colcon.colcon_core.environment:checking '/home/aditya/omx_pick_and_pace_ws/install/omx_pick_place/bin'
[10.488s] Level 1:colcon.colcon_core.environment:checking '/home/aditya/omx_pick_and_pace_ws/install/omx_pick_place/lib/pkgconfig/omx_pick_place.pc'
[10.488s] Level 1:colcon.colcon_core.environment:checking '/home/aditya/omx_pick_and_pace_ws/install/omx_pick_place/lib/python3.10/site-packages'
[10.488s] Level 1:colcon.colcon_core.environment:checking '/home/aditya/omx_pick_and_pace_ws/install/omx_pick_place/bin'
[10.488s] INFO:colcon.colcon_core.shell:Creating package script '/home/aditya/omx_pick_and_pace_ws/install/omx_pick_place/share/omx_pick_place/package.ps1'
[10.489s] INFO:colcon.colcon_core.shell:Creating package descriptor '/home/aditya/omx_pick_and_pace_ws/install/omx_pick_place/share/omx_pick_place/package.dsv'
[10.489s] INFO:colcon.colcon_core.shell:Creating package script '/home/aditya/omx_pick_and_pace_ws/install/omx_pick_place/share/omx_pick_place/package.sh'
[10.489s] INFO:colcon.colcon_core.shell:Creating package script '/home/aditya/omx_pick_and_pace_ws/install/omx_pick_place/share/omx_pick_place/package.bash'
[10.490s] INFO:colcon.colcon_core.shell:Creating package script '/home/aditya/omx_pick_and_pace_ws/install/omx_pick_place/share/omx_pick_place/package.zsh'
[10.490s] Level 1:colcon.colcon_core.environment:create_file_with_runtime_dependencies(/home/aditya/omx_pick_and_pace_ws/install/omx_pick_place/share/colcon-core/packages/omx_pick_place)
[10.490s] DEBUG:colcon.colcon_parallel_executor.executor.parallel:closing loop
[10.491s] DEBUG:colcon.colcon_parallel_executor.executor.parallel:loop closed
[10.491s] DEBUG:colcon.colcon_parallel_executor.executor.parallel:run_until_complete finished with '0'
[10.491s] DEBUG:colcon.colcon_core.event_reactor:joining thread
[10.496s] INFO:colcon.colcon_core.plugin_system:Skipping extension 'colcon_notification.desktop_notification.terminal_notifier': Not used on non-Darwin systems
[10.496s] INFO:colcon.colcon_core.plugin_system:Skipping extension 'colcon_notification.desktop_notification.win32': Not used on non-Windows systems
[10.496s] INFO:colcon.colcon_notification.desktop_notification:Sending desktop notification using 'notify2'
[10.507s] DEBUG:colcon.colcon_core.event_reactor:joined thread
[10.507s] INFO:colcon.colcon_core.shell:Creating prefix script '/home/aditya/omx_pick_and_pace_ws/install/local_setup.ps1'
[10.508s] INFO:colcon.colcon_core.shell:Creating prefix util module '/home/aditya/omx_pick_and_pace_ws/install/_local_setup_util_ps1.py'
[10.510s] INFO:colcon.colcon_core.shell:Creating prefix chain script '/home/aditya/omx_pick_and_pace_ws/install/setup.ps1'
[10.511s] INFO:colcon.colcon_core.shell:Creating prefix script '/home/aditya/omx_pick_and_pace_ws/install/local_setup.sh'
[10.512s] INFO:colcon.colcon_core.shell:Creating prefix util module '/home/aditya/omx_pick_and_pace_ws/install/_local_setup_util_sh.py'
[10.512s] INFO:colcon.colcon_core.shell:Creating prefix chain script '/home/aditya/omx_pick_and_pace_ws/install/setup.sh'
[10.514s] INFO:colcon.colcon_core.shell:Creating prefix script '/home/aditya/omx_pick_and_pace_ws/install/local_setup.bash'
[10.514s] INFO:colcon.colcon_core.shell:Creating prefix chain script '/home/aditya/omx_pick_and_pace_ws/install/setup.bash'
[10.516s] INFO:colcon.colcon_core.shell:Creating prefix script '/home/aditya/omx_pick_and_pace_ws/install/local_setup.zsh'
[10.516s] INFO:colcon.colcon_core.shell:Creating prefix chain script '/home/aditya/omx_pick_and_pace_ws/install/setup.zsh'
